Arguments: 
  /home/italo/.nvm/versions/node/v10.1.0/bin/node /usr/bin/yarn build

PATH: 
  /usr/java/jre1.8.0_171/bin:/home/italo/.nvm/versions/node/v10.1.0/bin:/home/italo/bin:/home/italo/.local/bin:/usr/local/sbin:/usr/local/bin:/usr/sbin:/usr/bin:/sbin:/bin:/usr/games:/usr/local/games:/opt/android/android-sdk-linux/tools:/opt/android/android-sdk-linux/platform-tools:/opt/android/android-sdk-linux/tools/bin

Yarn version: 
  1.5.1

Node version: 
  10.1.0

Platform: 
  linux x64

npm manifest: 
  {
    "name": "reason-xstream",
    "version": "0.1.0",
    "scripts": {
      "build": "bsb -make-world",
      "start": "bsb -make-world -w",
      "clean": "bsb -clean-world"
    },
    "keywords": [
      "BuckleScript"
    ],
    "author": "",
    "license": "MIT",
    "devDependencies": {
      "bs-platform": "^3.1.1"
    },
    "dependencies": {
      "xstream": "^11.4.0"
    }
  }

yarn manifest: 
  No manifest

Lockfile: 
  # THIS IS AN AUTOGENERATED FILE. DO NOT EDIT THIS FILE DIRECTLY.
  # yarn lockfile v1
  
  
  bs-platform@^3.1.1:
    version "3.1.5"
    resolved "https://registry.yarnpkg.com/bs-platform/-/bs-platform-3.1.5.tgz#fb34ee4702bc9163848d5537096c4f31ebaeed40"
  
  symbol-observable@1.2.0:
    version "1.2.0"
    resolved "https://registry.yarnpkg.com/symbol-observable/-/symbol-observable-1.2.0.tgz#c22688aed4eab3cdc2dfeacbb561660560a00804"
  
  xstream@^11.4.0:
    version "11.4.0"
    resolved "https://registry.yarnpkg.com/xstream/-/xstream-11.4.0.tgz#e1b65693e36c3c60b3cf29f50d8d8e85954b91fd"
    dependencies:
      symbol-observable "1.2.0"

Trace: 
  Error: Command failed.
  Exit code: 2
  Command: sh
  Arguments: -c bsb -make-world
  Directory: /home/italo/Documentos/dev/reason-xstream
  Output:
  
      at ProcessTermError.MessageError (/usr/lib/node_modules/yarn/lib/cli.js:186:110)
      at new ProcessTermError (/usr/lib/node_modules/yarn/lib/cli.js:226:113)
      at ChildProcess.<anonymous> (/usr/lib/node_modules/yarn/lib/cli.js:30281:17)
      at ChildProcess.emit (events.js:182:13)
      at maybeClose (internal/child_process.js:957:16)
      at Process.ChildProcess._handle.onexit (internal/child_process.js:246:5)
